<?xml version="1.0" encoding="UTF-8"?>
<testng-results ignored="0" total="1" passed="1" failed="0" skipped="0">
  <reporter-output>
  </reporter-output>
  <suite started-at="2024-10-06T13:19:52 IST" name="Default suite" finished-at="2024-10-06T13:20:00 IST" duration-ms="7954">
    <groups>
    </groups>
    <test started-at="2024-10-06T13:19:52 IST" name="Default test" finished-at="2024-10-06T13:20:00 IST" duration-ms="7954">
      <class name="Deserialization_Pojo.OathTestResponse">
        <test-method signature="Oath()[pri:0, instance:Deserialization_Pojo.OathTestResponse@4ec4f3a0]" started-at="2024-10-06T13:19:52 IST" name="Oath" finished-at="2024-10-06T13:20:00 IST" duration-ms="7856" status="PASS">
          <reporter-output>
          </reporter-output>
        </test-method> <!-- Oath -->
      </class> <!-- Deserialization_Pojo.OathTestResponse -->
    </test> <!-- Default test -->
  </suite> <!-- Default suite -->
</testng-results>
